[2022-06-02 16:20:55,248] {manager.py:477} INFO - Processing files using up to 2 processes at a time 
[2022-06-02 16:20:55,249] {manager.py:478} INFO - Process each file at most once every 30 seconds
[2022-06-02 16:20:55,249] {manager.py:480} INFO - Checking for new files in /opt/airflow/dags every 300 seconds
[2022-06-02 16:20:55,249] {manager.py:687} INFO - Searching for files in /opt/airflow/dags
[2022-06-02 16:20:55,260] {manager.py:690} INFO - There are 1 files in /opt/airflow/dags
[2022-06-02 16:20:55,335] {manager.py:806} INFO - 
================================================================================
DAG File Processing Stats

File Path                         PID  Runtime      # DAGs    # Errors  Last Runtime    Last Run
------------------------------  -----  ---------  --------  ----------  --------------  ----------
/opt/airflow/dags/test/test.py     45  0.02s             0           0
================================================================================
[2022-06-02 16:21:25,398] {manager.py:806} INFO - 
================================================================================
DAG File Processing Stats

File Path                       PID    Runtime      # DAGs    # Errors  Last Runtime    Last Run
------------------------------  -----  ---------  --------  ----------  --------------  -------------------
/opt/airflow/dags/test/test.py                           1           0  0.48s           2022-06-02T16:20:55
================================================================================
[2022-06-02 16:21:55,948] {manager.py:806} INFO - 
================================================================================
DAG File Processing Stats

File Path                       PID    Runtime      # DAGs    # Errors  Last Runtime    Last Run
------------------------------  -----  ---------  --------  ----------  --------------  -------------------
/opt/airflow/dags/test/test.py                           1           0  0.23s           2022-06-02T16:21:26
================================================================================
[2022-06-02 16:22:26,476] {manager.py:806} INFO - 
================================================================================
DAG File Processing Stats

File Path                       PID    Runtime      # DAGs    # Errors  Last Runtime    Last Run
------------------------------  -----  ---------  --------  ----------  --------------  -------------------
/opt/airflow/dags/test/test.py                           1           0  0.29s           2022-06-02T16:22:02
================================================================================
[2022-06-02 16:22:29,560] {manager.py:458} INFO - Exiting gracefully upon receiving signal 15
[2022-06-02 16:24:17,398] {manager.py:477} INFO - Processing files using up to 2 processes at a time 
[2022-06-02 16:24:17,398] {manager.py:478} INFO - Process each file at most once every 30 seconds
[2022-06-02 16:24:17,398] {manager.py:480} INFO - Checking for new files in /opt/airflow/dags every 300 seconds
[2022-06-02 16:24:17,399] {manager.py:687} INFO - Searching for files in /opt/airflow/dags
[2022-06-02 16:24:17,407] {manager.py:690} INFO - There are 1 files in /opt/airflow/dags
[2022-06-02 16:24:17,468] {manager.py:806} INFO - 
================================================================================
DAG File Processing Stats

File Path                         PID  Runtime      # DAGs    # Errors  Last Runtime    Last Run
------------------------------  -----  ---------  --------  ----------  --------------  ----------
/opt/airflow/dags/test/test.py     44  0.01s             0           0
================================================================================
[2022-06-02 16:24:47,541] {manager.py:806} INFO - 
================================================================================
DAG File Processing Stats

File Path                         PID  Runtime      # DAGs    # Errors  Last Runtime    Last Run
------------------------------  -----  ---------  --------  ----------  --------------  -------------------
/opt/airflow/dags/test/test.py     70  0.00s             0           1  0.07s           2022-06-02T16:24:17
================================================================================
[2022-06-02 16:25:17,655] {manager.py:508} INFO - DAG FOODY_V1 is missing and will be deactivated.
[2022-06-02 16:25:17,661] {manager.py:518} INFO - Deactivated 1 DAGs which are no longer present in file.
[2022-06-02 16:25:17,664] {manager.py:806} INFO - 
================================================================================
DAG File Processing Stats

File Path                       PID    Runtime      # DAGs    # Errors  Last Runtime    Last Run
------------------------------  -----  ---------  --------  ----------  --------------  -------------------
/opt/airflow/dags/test/test.py                           0           1  0.06s           2022-06-02T16:25:15
================================================================================
[2022-06-02 16:25:47,744] {manager.py:806} INFO - 
================================================================================
DAG File Processing Stats

File Path                       PID    Runtime      # DAGs    # Errors  Last Runtime    Last Run
------------------------------  -----  ---------  --------  ----------  --------------  -------------------
/opt/airflow/dags/test/test.py                           0           1  0.04s           2022-06-02T16:25:45
================================================================================
[2022-06-02 16:26:04,518] {manager.py:458} INFO - Exiting gracefully upon receiving signal 15
[2022-06-02 16:31:03,275] {manager.py:477} INFO - Processing files using up to 2 processes at a time 
[2022-06-02 16:31:03,275] {manager.py:478} INFO - Process each file at most once every 30 seconds
[2022-06-02 16:31:03,275] {manager.py:480} INFO - Checking for new files in /opt/airflow/dags every 300 seconds
[2022-06-02 16:31:03,275] {manager.py:687} INFO - Searching for files in /opt/airflow/dags
[2022-06-02 16:31:03,281] {manager.py:690} INFO - There are 2 files in /opt/airflow/dags
[2022-06-02 16:31:03,352] {manager.py:806} INFO - 
================================================================================
DAG File Processing Stats

File Path                                           PID  Runtime      # DAGs    # Errors  Last Runtime    Last Run
------------------------------------------------  -----  ---------  --------  ----------  --------------  ----------
/opt/airflow/dags/test/test.py                       48  0.02s             0           0
/opt/airflow/dags/test/foody/spiders/__init__.py     47  0.02s             0           0
================================================================================
[2022-06-02 16:31:33,571] {manager.py:806} INFO - 
================================================================================
DAG File Processing Stats

File Path                                           PID  Runtime      # DAGs    # Errors  Last Runtime    Last Run
------------------------------------------------  -----  ---------  --------  ----------  --------------  -------------------
/opt/airflow/dags/test/test.py                       70  0.02s             0           1  0.15s           2022-06-02T16:31:03
/opt/airflow/dags/test/foody/spiders/__init__.py                           0           1  1.50s           2022-06-02T16:31:04
================================================================================
[2022-06-02 16:32:03,702] {manager.py:806} INFO - 
================================================================================
DAG File Processing Stats

File Path                                           PID  Runtime      # DAGs    # Errors  Last Runtime    Last Run
------------------------------------------------  -----  ---------  --------  ----------  --------------  -------------------
/opt/airflow/dags/test/test.py                       98  0.04s             0           1  0.07s           2022-06-02T16:31:33
/opt/airflow/dags/test/foody/spiders/__init__.py                           0           1  0.89s           2022-06-02T16:31:36
================================================================================
[2022-06-02 16:32:33,721] {manager.py:806} INFO - 
================================================================================
DAG File Processing Stats

File Path                                         PID    Runtime      # DAGs    # Errors  Last Runtime    Last Run
------------------------------------------------  -----  ---------  --------  ----------  --------------  -------------------
/opt/airflow/dags/test/test.py                                             0           1  0.08s           2022-06-02T16:32:03
/opt/airflow/dags/test/foody/spiders/__init__.py                           0           1  0.94s           2022-06-02T16:32:07
================================================================================
[2022-06-02 16:33:03,829] {manager.py:806} INFO - 
================================================================================
DAG File Processing Stats

File Path                                         PID    Runtime      # DAGs    # Errors  Last Runtime    Last Run
------------------------------------------------  -----  ---------  --------  ----------  --------------  -------------------
/opt/airflow/dags/test/test.py                                             0           1  0.04s           2022-06-02T16:32:33
/opt/airflow/dags/test/foody/spiders/__init__.py                           0           1  0.94s           2022-06-02T16:32:38
================================================================================
[2022-06-02 16:33:33,989] {manager.py:806} INFO - 
================================================================================
DAG File Processing Stats

File Path                                           PID  Runtime      # DAGs    # Errors  Last Runtime    Last Run
------------------------------------------------  -----  ---------  --------  ----------  --------------  -------------------
/opt/airflow/dags/test/test.py                      179  0.00s             0           1  0.07s           2022-06-02T16:33:03
/opt/airflow/dags/test/foody/spiders/__init__.py                           0           1  1.04s           2022-06-02T16:33:09
================================================================================
[2022-06-02 16:34:04,016] {manager.py:806} INFO - 
================================================================================
DAG File Processing Stats

File Path                                         PID    Runtime      # DAGs    # Errors  Last Runtime    Last Run
------------------------------------------------  -----  ---------  --------  ----------  --------------  -------------------
/opt/airflow/dags/test/test.py                                             0           1  0.06s           2022-06-02T16:33:34
/opt/airflow/dags/test/foody/spiders/__init__.py                           0           1  0.94s           2022-06-02T16:33:40
================================================================================
[2022-06-02 16:34:34,084] {manager.py:806} INFO - 
================================================================================
DAG File Processing Stats

File Path                                         PID    Runtime      # DAGs    # Errors  Last Runtime    Last Run
------------------------------------------------  -----  ---------  --------  ----------  --------------  -------------------
/opt/airflow/dags/test/test.py                                             0           1  0.09s           2022-06-02T16:34:04
/opt/airflow/dags/test/foody/spiders/__init__.py                           0           1  0.90s           2022-06-02T16:34:12
================================================================================
[2022-06-02 16:35:04,333] {manager.py:806} INFO - 
================================================================================
DAG File Processing Stats

File Path                                           PID  Runtime      # DAGs    # Errors  Last Runtime    Last Run
------------------------------------------------  -----  ---------  --------  ----------  --------------  -------------------
/opt/airflow/dags/test/test.py                      250  0.00s             0           1  0.06s           2022-06-02T16:34:34
/opt/airflow/dags/test/foody/spiders/__init__.py                           0           1  0.99s           2022-06-02T16:34:43
================================================================================
[2022-06-02 16:35:34,431] {manager.py:806} INFO - 
================================================================================
DAG File Processing Stats

File Path                                           PID  Runtime      # DAGs    # Errors  Last Runtime    Last Run
------------------------------------------------  -----  ---------  --------  ----------  --------------  -------------------
/opt/airflow/dags/test/test.py                      280  0.00s             0           1  0.06s           2022-06-02T16:35:04
/opt/airflow/dags/test/foody/spiders/__init__.py                           0           1  1.00s           2022-06-02T16:35:14
================================================================================
[2022-06-02 16:36:03,460] {manager.py:687} INFO - Searching for files in /opt/airflow/dags
[2022-06-02 16:36:03,474] {manager.py:690} INFO - There are 2 files in /opt/airflow/dags
[2022-06-02 16:36:04,514] {manager.py:806} INFO - 
================================================================================
DAG File Processing Stats

File Path                                           PID  Runtime      # DAGs    # Errors  Last Runtime    Last Run
------------------------------------------------  -----  ---------  --------  ----------  --------------  -------------------
/opt/airflow/dags/test/test.py                      301  0.01s             0           1  0.05s           2022-06-02T16:35:34
/opt/airflow/dags/test/foody/spiders/__init__.py                           0           1  0.96s           2022-06-02T16:35:45
================================================================================
[2022-06-02 16:36:34,640] {manager.py:806} INFO - 
================================================================================
DAG File Processing Stats

File Path                                           PID  Runtime      # DAGs    # Errors  Last Runtime    Last Run
------------------------------------------------  -----  ---------  --------  ----------  --------------  -------------------
/opt/airflow/dags/test/test.py                      331  0.01s             0           1  0.08s           2022-06-02T16:36:04
/opt/airflow/dags/test/foody/spiders/__init__.py                           0           1  0.86s           2022-06-02T16:36:16
================================================================================
[2022-06-02 16:37:04,788] {manager.py:806} INFO - 
================================================================================
DAG File Processing Stats

File Path                                         PID    Runtime      # DAGs    # Errors  Last Runtime    Last Run
------------------------------------------------  -----  ---------  --------  ----------  --------------  -------------------
/opt/airflow/dags/test/test.py                                             0           1  0.08s           2022-06-02T16:36:35
/opt/airflow/dags/test/foody/spiders/__init__.py                           0           1  1.08s           2022-06-02T16:36:47
================================================================================
[2022-06-02 16:37:34,890] {manager.py:806} INFO - 
================================================================================
DAG File Processing Stats

File Path                                         PID    Runtime      # DAGs    # Errors  Last Runtime    Last Run
------------------------------------------------  -----  ---------  --------  ----------  --------------  -------------------
/opt/airflow/dags/test/test.py                                             0           1  0.05s           2022-06-02T16:37:18
/opt/airflow/dags/test/foody/spiders/__init__.py                           0           1  0.97s           2022-06-02T16:37:18
================================================================================
[2022-06-02 16:38:04,972] {manager.py:806} INFO - 
================================================================================
DAG File Processing Stats

File Path                                         PID    Runtime      # DAGs    # Errors  Last Runtime    Last Run
------------------------------------------------  -----  ---------  --------  ----------  --------------  -------------------
/opt/airflow/dags/test/test.py                                             0           1  0.06s           2022-06-02T16:37:48
/opt/airflow/dags/test/foody/spiders/__init__.py                           0           1  0.99s           2022-06-02T16:37:49
================================================================================
[2022-06-02 16:38:33,275] {manager.py:458} INFO - Exiting gracefully upon receiving signal 15
[2022-06-02 16:41:16,427] {manager.py:477} INFO - Processing files using up to 2 processes at a time 
[2022-06-02 16:41:16,427] {manager.py:478} INFO - Process each file at most once every 30 seconds
[2022-06-02 16:41:16,428] {manager.py:480} INFO - Checking for new files in /opt/airflow/dags every 300 seconds
[2022-06-02 16:41:16,428] {manager.py:687} INFO - Searching for files in /opt/airflow/dags
[2022-06-02 16:41:16,436] {manager.py:690} INFO - There are 2 files in /opt/airflow/dags
[2022-06-02 16:41:16,502] {manager.py:806} INFO - 
================================================================================
DAG File Processing Stats

File Path                                           PID  Runtime      # DAGs    # Errors  Last Runtime    Last Run
------------------------------------------------  -----  ---------  --------  ----------  --------------  ----------
/opt/airflow/dags/test/test.py                       47  0.02s             0           0
/opt/airflow/dags/test/foody/spiders/__init__.py     48  0.02s             0           0
================================================================================
[2022-06-02 16:41:46,638] {manager.py:806} INFO - 
================================================================================
DAG File Processing Stats

File Path                                           PID  Runtime      # DAGs    # Errors  Last Runtime    Last Run
------------------------------------------------  -----  ---------  --------  ----------  --------------  -------------------
/opt/airflow/dags/test/test.py                       68  0.01s             0           1  0.08s           2022-06-02T16:41:16
/opt/airflow/dags/test/foody/spiders/__init__.py                           0           1  1.52s           2022-06-02T16:41:18
================================================================================
[2022-06-02 16:42:16,674] {manager.py:806} INFO - 
================================================================================
DAG File Processing Stats

File Path                                         PID    Runtime      # DAGs    # Errors  Last Runtime    Last Run
------------------------------------------------  -----  ---------  --------  ----------  --------------  -------------------
/opt/airflow/dags/test/test.py                                             0           1  0.07s           2022-06-02T16:41:46
/opt/airflow/dags/test/foody/spiders/__init__.py                           0           1  0.95s           2022-06-02T16:41:49
================================================================================
[2022-06-02 16:42:26,540] {manager.py:458} INFO - Exiting gracefully upon receiving signal 15
